{"contracts/exampleContracts/FunWithStorage.sol":{"l":{"20":0,"21":0,"22":0,"23":0,"24":0,"28":0,"29":0},"path":"/Users/jennyting/hardhat-fund-me-fcc/contracts/exampleContracts/FunWithStorage.sol","s":{"1":0,"2":0,"3":0,"4":0,"5":0,"6":0,"7":0},"b":{},"f":{"1":0,"2":0},"fnMap":{"1":{"name":"constructor","line":19,"loc":{"start":{"line":19,"column":4},"end":{"line":25,"column":4}}},"2":{"name":"doStuff","line":27,"loc":{"start":{"line":27,"column":4},"end":{"line":31,"column":4}}}},"statementMap":{"1":{"start":{"line":20,"column":8},"end":{"line":20,"column":26}},"2":{"start":{"line":21,"column":8},"end":{"line":21,"column":22}},"3":{"start":{"line":22,"column":8},"end":{"line":22,"column":24}},"4":{"start":{"line":23,"column":8},"end":{"line":23,"column":22}},"5":{"start":{"line":24,"column":8},"end":{"line":24,"column":29}},"6":{"start":{"line":28,"column":8},"end":{"line":28,"column":43}},"7":{"start":{"line":29,"column":8},"end":{"line":29,"column":32}}},"branchMap":{}},"contracts/FundMe.sol":{"l":{"27":3,"28":2,"32":3,"33":3,"38":11,"43":10,"44":10,"48":1,"53":1,"54":1,"56":1,"59":1,"60":1,"64":1,"66":1,"71":6,"72":6,"74":1,"76":1,"77":1,"89":6,"93":0,"97":2,"101":0,"105":1},"path":"/Users/jennyting/hardhat-fund-me-fcc/contracts/FundMe.sol","s":{"1":3,"2":3,"3":3,"4":11,"5":10,"6":10,"7":1,"8":1,"9":1,"10":1,"11":1,"12":1,"13":1,"14":1,"15":6,"16":6,"17":1,"18":1,"19":1,"20":6,"21":0,"22":2,"23":0,"24":1},"b":{"1":[1,2],"2":[10,1],"3":[1,0],"4":[1,0]},"f":{"1":3,"2":3,"3":11,"4":1,"5":1,"6":6,"7":0,"8":2,"9":0,"10":1},"fnMap":{"1":{"name":"onlyOwner","line":25,"loc":{"start":{"line":25,"column":4},"end":{"line":29,"column":4}}},"2":{"name":"constructor","line":31,"loc":{"start":{"line":31,"column":4},"end":{"line":34,"column":4}}},"3":{"name":"fund","line":37,"loc":{"start":{"line":37,"column":4},"end":{"line":45,"column":4}}},"4":{"name":"withdraw","line":47,"loc":{"start":{"line":47,"column":4},"end":{"line":61,"column":4}}},"5":{"name":"cheaperWithdraw","line":63,"loc":{"start":{"line":63,"column":4},"end":{"line":78,"column":4}}},"6":{"name":"getAddressToAmountFunded","line":84,"loc":{"start":{"line":84,"column":4},"end":{"line":90,"column":4}}},"7":{"name":"getVersion","line":92,"loc":{"start":{"line":92,"column":4},"end":{"line":94,"column":4}}},"8":{"name":"getFunder","line":96,"loc":{"start":{"line":96,"column":4},"end":{"line":98,"column":4}}},"9":{"name":"getOwner","line":100,"loc":{"start":{"line":100,"column":4},"end":{"line":102,"column":4}}},"10":{"name":"getPriceFeed","line":104,"loc":{"start":{"line":104,"column":4},"end":{"line":106,"column":4}}}},"statementMap":{"1":{"start":{"line":27,"column":8},"end":{"line":27,"column":60}},"2":{"start":{"line":32,"column":8},"end":{"line":32,"column":53}},"3":{"start":{"line":33,"column":8},"end":{"line":33,"column":27}},"4":{"start":{"line":38,"column":8},"end":{"line":38,"column":1047}},"5":{"start":{"line":43,"column":8},"end":{"line":43,"column":55}},"6":{"start":{"line":44,"column":8},"end":{"line":44,"column":33}},"7":{"start":{"line":48,"column":8},"end":{"line":48,"column":1441}},"8":{"start":{"line":53,"column":12},"end":{"line":53,"column":51}},"9":{"start":{"line":54,"column":12},"end":{"line":54,"column":46}},"10":{"start":{"line":56,"column":8},"end":{"line":56,"column":35}},"11":{"start":{"line":59,"column":8},"end":{"line":59,"column":73}},"12":{"start":{"line":60,"column":8},"end":{"line":60,"column":23}},"13":{"start":{"line":64,"column":8},"end":{"line":64,"column":44}},"14":{"start":{"line":66,"column":8},"end":{"line":66,"column":2075}},"15":{"start":{"line":71,"column":12},"end":{"line":71,"column":49}},"16":{"start":{"line":72,"column":12},"end":{"line":72,"column":46}},"17":{"start":{"line":74,"column":8},"end":{"line":74,"column":35}},"18":{"start":{"line":76,"column":8},"end":{"line":76,"column":73}},"19":{"start":{"line":77,"column":8},"end":{"line":77,"column":23}},"20":{"start":{"line":89,"column":8},"end":{"line":89,"column":54}},"21":{"start":{"line":93,"column":8},"end":{"line":93,"column":36}},"22":{"start":{"line":97,"column":8},"end":{"line":97,"column":31}},"23":{"start":{"line":101,"column":8},"end":{"line":101,"column":22}},"24":{"start":{"line":105,"column":8},"end":{"line":105,"column":26}}},"branchMap":{"1":{"line":27,"type":"if","locations":[{"start":{"line":27,"column":8},"end":{"line":27,"column":8}},{"start":{"line":27,"column":8},"end":{"line":27,"column":8}}]},"2":{"line":38,"type":"if","locations":[{"start":{"line":38,"column":8},"end":{"line":38,"column":8}},{"start":{"line":38,"column":8},"end":{"line":38,"column":8}}]},"3":{"line":60,"type":"if","locations":[{"start":{"line":60,"column":8},"end":{"line":60,"column":8}},{"start":{"line":60,"column":8},"end":{"line":60,"column":8}}]},"4":{"line":77,"type":"if","locations":[{"start":{"line":77,"column":8},"end":{"line":77,"column":8}},{"start":{"line":77,"column":8},"end":{"line":77,"column":8}}]}}},"contracts/PriceConverter.sol":{"l":{"12":11,"14":11,"25":11,"26":11,"28":11},"path":"/Users/jennyting/hardhat-fund-me-fcc/contracts/PriceConverter.sol","s":{"1":11,"2":11,"3":11,"4":11,"5":11},"b":{},"f":{"1":11,"2":11},"fnMap":{"1":{"name":"getPrice","line":7,"loc":{"start":{"line":7,"column":2},"end":{"line":15,"column":2}}},"2":{"name":"getConversionRate","line":20,"loc":{"start":{"line":20,"column":2},"end":{"line":29,"column":2}}}},"statementMap":{"1":{"start":{"line":12,"column":4},"end":{"line":12,"column":57}},"2":{"start":{"line":14,"column":4},"end":{"line":14,"column":40}},"3":{"start":{"line":25,"column":4},"end":{"line":25,"column":42}},"4":{"start":{"line":26,"column":4},"end":{"line":26,"column":73}},"5":{"start":{"line":28,"column":4},"end":{"line":28,"column":25}}},"branchMap":{}},"contracts/test/MockV3Aggregator.sol":{"l":{},"path":"/Users/jennyting/hardhat-fund-me-fcc/contracts/test/MockV3Aggregator.sol","s":{},"b":{},"f":{},"fnMap":{},"statementMap":{},"branchMap":{}}}